<?xml version="1.0" encoding="UTF-8"?>
<!-- Generated by org.testng.reporters.JUnitXMLReporter -->
<testsuite hostname="MacBook-Air.home" ignored="0" name="Default test" tests="4" failures="0" timestamp="14 Mar 2020 00:20:17 GMT" time="35.731" errors="0">
  <testcase name="getTitle" time="0.196" classname="com.hubspot.tests.LoginPageTest"/>
  <testcase name="loginTest1" time="1.21" classname="com.hubspot.tests.LoginPageTest"/>
  <testcase name="loginTest2" time="1.204" classname="com.hubspot.tests.LoginPageTest"/>
  <testcase name="loginTest3" time="0.966" classname="com.hubspot.tests.LoginPageTest"/>
</testsuite> <!-- Default test -->
